This file contains any messages produced by compilers while
running configure, to aid debugging if configure makes a mistake.

It was created by PCRE configure 8.43, which was
generated by GNU Autoconf 2.69.  Invocation command line was

  $ ./configure --disable-shared

## --------- ##
## Platform. ##
## --------- ##

hostname = ubuntu
uname -m = x86_64
uname -r = 5.4.0-42-generic
uname -s = Linux
uname -v = #46~18.04.1-Ubuntu SMP Fri Jul 10 07:21:24 UTC 2020

/usr/bin/uname -p = unknown
/bin/uname -X     = unknown

/bin/arch              = unknown
/usr/bin/arch -k       = unknown
/usr/convex/getsysinfo = unknown
/usr/bin/hostinfo      = unknown
/bin/machine           = unknown
/usr/bin/oslevel       = unknown
/bin/universe          = unknown

PATH: /home/suncong/clang+llvm-9.0.0-x86_64-linux-gnu-ubuntu-18.04/bin
PATH: /home/suncong/pin-3.11-97998-g7ecce2dac-gcc-linux/
PATH: /home/suncong/Documents/jdk1.8.0_181/bin
PATH: /home/suncong/Documents/jdk1.8.0_181/jre/bin
PATH: /usr/local/sbin
PATH: /usr/local/bin
PATH: /usr/sbin
PATH: /usr/bin
PATH: /sbin
PATH: /bin
PATH: /usr/games
PATH: /usr/local/games
PATH: /snap/bin


## ----------- ##
## Core tests. ##
## ----------- ##

configure:2809: checking for a BSD-compatible install
configure:2877: result: /usr/bin/install -c
configure:2888: checking whether build environment is sane
configure:2943: result: yes
configure:3094: checking for a thread-safe mkdir -p
configure:3133: result: /bin/mkdir -p
configure:3140: checking for gawk
configure:3170: result: no
configure:3140: checking for mawk
configure:3156: found /usr/bin/mawk
configure:3167: result: mawk
configure:3178: checking whether make sets $(MAKE)
configure:3200: result: yes
configure:3229: checking whether make supports nested variables
configure:3246: result: yes
configure:3383: checking whether make supports nested variables
configure:3400: result: yes
configure:3427: checking for style of include used by make
configure:3455: result: GNU
configure:3526: checking for gcc
configure:3553: result: gcc
configure:3782: checking for C compiler version
configure:3791: gcc --version >&5
gcc (Ubuntu 7.5.0-3ubuntu1~18.04) 7.5.0
Copyright (C) 2017 Free Software Foundation, Inc.
This is free software; see the source for copying conditions.  There is NO
warranty; not even for MERCHANTABILITY or FITNESS FOR A PARTICULAR PURPOSE.

configure:3802: $? = 0
configure:3791: gcc -v >&5
Using built-in specs.
COLLECT_GCC=gcc
COLLECT_LTO_WRAPPER=/usr/lib/gcc/x86_64-linux-gnu/7/lto-wrapper
OFFLOAD_TARGET_NAMES=nvptx-none
OFFLOAD_TARGET_DEFAULT=1
Target: x86_64-linux-gnu
Configured with: ../src/configure -v --with-pkgversion='Ubuntu 7.5.0-3ubuntu1~18.04' --with-bugurl=file:///usr/share/doc/gcc-7/README.Bugs --enable-languages=c,ada,c++,go,brig,d,fortran,objc,obj-c++ --prefix=/usr --with-gcc-major-version-only --program-suffix=-7 --program-prefix=x86_64-linux-gnu- --enable-shared --enable-linker-build-id --libexecdir=/usr/lib --without-included-gettext --enable-threads=posix --libdir=/usr/lib --enable-nls --enable-bootstrap --enable-clocale=gnu --enable-libstdcxx-debug --enable-libstdcxx-time=yes --with-default-libstdcxx-abi=new --enable-gnu-unique-object --disable-vtable-verify --enable-libmpx --enable-plugin --enable-default-pie --with-system-zlib --with-target-system-zlib --enable-objc-gc=auto --enable-multiarch --disable-werror --with-arch-32=i686 --with-abi=m64 --with-multilib-list=m32,m64,mx32 --enable-multilib --with-tune=generic --enable-offload-targets=nvptx-none --without-cuda-driver --enable-checking=release --build=x86_64-linux-gnu --host=x86_64-linux-gnu --target=x86_64-linux-gnu
Thread model: posix
gcc version 7.5.0 (Ubuntu 7.5.0-3ubuntu1~18.04) 
configure:3802: $? = 0
configure:3791: gcc -V >&5
gcc: error: unrecognized command line option '-V'
gcc: fatal error: no input files
compilation terminated.
configure:3802: $? = 1
configure:3791: gcc -qversion >&5
gcc: error: unrecognized command line option '-qversion'; did you mean '--version'?
gcc: fatal error: no input files
compilation terminated.
configure:3802: $? = 1
configure:3822: checking whether the C compiler works
configure:3844: gcc -g -O0 -mno-avx -fno-stack-protector -no-pie -pipe   conftest.c  >&5
configure:3848: $? = 0
configure:3896: result: yes
configure:3899: checking for C compiler default output file name
configure:3901: result: a.out
configure:3907: checking for suffix of executables
configure:3914: gcc -o conftest -g -O0 -mno-avx -fno-stack-protector -no-pie -pipe   conftest.c  >&5
configure:3918: $? = 0
configure:3940: result: 
configure:3962: checking whether we are cross compiling
configure:3970: gcc -o conftest -g -O0 -mno-avx -fno-stack-protector -no-pie -pipe   conftest.c  >&5
configure:3974: $? = 0
configure:3981: ./conftest
configure:3985: $? = 0
configure:4000: result: no
configure:4005: checking for suffix of object files
configure:4027: gcc -c -g -O0 -mno-avx -fno-stack-protector -no-pie -pipe  conftest.c >&5
configure:4031: $? = 0
configure:4052: result: o
configure:4056: checking whether we are using the GNU C compiler
configure:4075: gcc -c -g -O0 -mno-avx -fno-stack-protector -no-pie -pipe  conftest.c >&5
configure:4075: $? = 0
configure:4084: result: yes
configure:4093: checking whether gcc accepts -g
configure:4113: gcc -c -g  conftest.c >&5
configure:4113: $? = 0
configure:4154: result: yes
configure:4171: checking for gcc option to accept ISO C89
configure:4234: gcc  -c -g -O0 -mno-avx -fno-stack-protector -no-pie -pipe  conftest.c >&5
configure:4234: $? = 0
configure:4247: result: none needed
configure:4272: checking whether gcc understands -c and -o together
configure:4294: gcc -c conftest.c -o conftest2.o
configure:4297: $? = 0
configure:4294: gcc -c conftest.c -o conftest2.o
configure:4297: $? = 0
configure:4309: result: yes
configure:4328: checking dependency style of gcc
configure:4439: result: gcc3
configure:4504: checking for ar
configure:4520: found /usr/bin/ar
configure:4531: result: ar
configure:4557: checking the archiver (ar) interface
configure:4573: gcc -c -g -O0 -mno-avx -fno-stack-protector -no-pie -pipe  conftest.c >&5
configure:4573: $? = 0
configure:4575: ar cru libconftest.a conftest.o >&5
ar: `u' modifier ignored since `D' is the default (see `U')
configure:4578: $? = 0
configure:4606: result: ar
configure:4691: checking for gcc
configure:4718: result: gcc
configure:4947: checking for C compiler version
configure:4956: gcc --version >&5
gcc (Ubuntu 7.5.0-3ubuntu1~18.04) 7.5.0
Copyright (C) 2017 Free Software Foundation, Inc.
This is free software; see the source for copying conditions.  There is NO
warranty; not even for MERCHANTABILITY or FITNESS FOR A PARTICULAR PURPOSE.

configure:4967: $? = 0
configure:4956: gcc -v >&5
Using built-in specs.
COLLECT_GCC=gcc
COLLECT_LTO_WRAPPER=/usr/lib/gcc/x86_64-linux-gnu/7/lto-wrapper
OFFLOAD_TARGET_NAMES=nvptx-none
OFFLOAD_TARGET_DEFAULT=1
Target: x86_64-linux-gnu
Configured with: ../src/configure -v --with-pkgversion='Ubuntu 7.5.0-3ubuntu1~18.04' --with-bugurl=file:///usr/share/doc/gcc-7/README.Bugs --enable-languages=c,ada,c++,go,brig,d,fortran,objc,obj-c++ --prefix=/usr --with-gcc-major-version-only --program-suffix=-7 --program-prefix=x86_64-linux-gnu- --enable-shared --enable-linker-build-id --libexecdir=/usr/lib --without-included-gettext --enable-threads=posix --libdir=/usr/lib --enable-nls --enable-bootstrap --enable-clocale=gnu --enable-libstdcxx-debug --enable-libstdcxx-time=yes --with-default-libstdcxx-abi=new --enable-gnu-unique-object --disable-vtable-verify --enable-libmpx --enable-plugin --enable-default-pie --with-system-zlib --with-target-system-zlib --enable-objc-gc=auto --enable-multiarch --disable-werror --with-arch-32=i686 --with-abi=m64 --with-multilib-list=m32,m64,mx32 --enable-multilib --with-tune=generic --enable-offload-targets=nvptx-none --without-cuda-driver --enable-checking=release --build=x86_64-linux-gnu --host=x86_64-linux-gnu --target=x86_64-linux-gnu
Thread model: posix
gcc version 7.5.0 (Ubuntu 7.5.0-3ubuntu1~18.04) 
configure:4967: $? = 0
configure:4956: gcc -V >&5
gcc: error: unrecognized command line option '-V'
gcc: fatal error: no input files
compilation terminated.
configure:4967: $? = 1
configure:4956: gcc -qversion >&5
gcc: error: unrecognized command line option '-qversion'; did you mean '--version'?
gcc: fatal error: no input files
compilation terminated.
configure:4967: $? = 1
configure:4971: checking whether we are using the GNU C compiler
configure:4999: result: yes
configure:5008: checking whether gcc accepts -g
configure:5069: result: yes
configure:5086: checking for gcc option to accept ISO C89
configure:5162: result: none needed
configure:5187: checking whether gcc understands -c and -o together
configure:5224: result: yes
configure:5243: checking dependency style of gcc
configure:5354: result: gcc3
configure:5427: checking for g++
configure:5443: found /usr/bin/g++
configure:5454: result: g++
configure:5481: checking for C++ compiler version
configure:5490: g++ --version >&5
g++ (Ubuntu 7.5.0-3ubuntu1~18.04) 7.5.0
Copyright (C) 2017 Free Software Foundation, Inc.
This is free software; see the source for copying conditions.  There is NO
warranty; not even for MERCHANTABILITY or FITNESS FOR A PARTICULAR PURPOSE.

configure:5501: $? = 0
configure:5490: g++ -v >&5
Using built-in specs.
COLLECT_GCC=g++
COLLECT_LTO_WRAPPER=/usr/lib/gcc/x86_64-linux-gnu/7/lto-wrapper
OFFLOAD_TARGET_NAMES=nvptx-none
OFFLOAD_TARGET_DEFAULT=1
Target: x86_64-linux-gnu
Configured with: ../src/configure -v --with-pkgversion='Ubuntu 7.5.0-3ubuntu1~18.04' --with-bugurl=file:///usr/share/doc/gcc-7/README.Bugs --enable-languages=c,ada,c++,go,brig,d,fortran,objc,obj-c++ --prefix=/usr --with-gcc-major-version-only --program-suffix=-7 --program-prefix=x86_64-linux-gnu- --enable-shared --enable-linker-build-id --libexecdir=/usr/lib --without-included-gettext --enable-threads=posix --libdir=/usr/lib --enable-nls --enable-bootstrap --enable-clocale=gnu --enable-libstdcxx-debug --enable-libstdcxx-time=yes --with-default-libstdcxx-abi=new --enable-gnu-unique-object --disable-vtable-verify --enable-libmpx --enable-plugin --enable-default-pie --with-system-zlib --with-target-system-zlib --enable-objc-gc=auto --enable-multiarch --disable-werror --with-arch-32=i686 --with-abi=m64 --with-multilib-list=m32,m64,mx32 --enable-multilib --with-tune=generic --enable-offload-targets=nvptx-none --without-cuda-driver --enable-checking=release --build=x86_64-linux-gnu --host=x86_64-linux-gnu --target=x86_64-linux-gnu
Thread model: posix
gcc version 7.5.0 (Ubuntu 7.5.0-3ubuntu1~18.04) 
configure:5501: $? = 0
configure:5490: g++ -V >&5
g++: error: unrecognized command line option '-V'
g++: fatal error: no input files
compilation terminated.
configure:5501: $? = 1
configure:5490: g++ -qversion >&5
g++: error: unrecognized command line option '-qversion'; did you mean '--version'?
g++: fatal error: no input files
compilation terminated.
configure:5501: $? = 1
configure:5505: checking whether we are using the GNU C++ compiler
configure:5524: g++ -c   conftest.cpp >&5
configure:5524: $? = 0
configure:5533: result: yes
configure:5542: checking whether g++ accepts -g
configure:5562: g++ -c -g  conftest.cpp >&5
configure:5562: $? = 0
configure:5603: result: yes
configure:5628: checking dependency style of g++
configure:5739: result: gcc3
configure:5798: g++ -c -O2  conftest.cpp >&5
configure:5798: $? = 0
configure:5817: checking how to run the C preprocessor
configure:5848: gcc -E  conftest.c
configure:5848: $? = 0
configure:5862: gcc -E  conftest.c
conftest.c:11:10: fatal error: ac_nonexistent.h: No such file or directory
 #include <ac_nonexistent.h>
          ^~~~~~~~~~~~~~~~~~
compilation terminated.
configure:5862: $? = 1
configure: failed program was:
| /* confdefs.h */
| #define PACKAGE_NAME "PCRE"
| #define PACKAGE_TARNAME "pcre"
| #define PACKAGE_VERSION "8.43"
| #define PACKAGE_STRING "PCRE 8.43"
| #define PACKAGE_BUGREPORT ""
| #define PACKAGE_URL ""
| #define PACKAGE "pcre"
| #define VERSION "8.43"
| /* end confdefs.h.  */
| #include <ac_nonexistent.h>
configure:5887: result: gcc -E
configure:5907: gcc -E  conftest.c
configure:5907: $? = 0
configure:5921: gcc -E  conftest.c
conftest.c:11:10: fatal error: ac_nonexistent.h: No such file or directory
 #include <ac_nonexistent.h>
          ^~~~~~~~~~~~~~~~~~
compilation terminated.
configure:5921: $? = 1
configure: failed program was:
| /* confdefs.h */
| #define PACKAGE_NAME "PCRE"
| #define PACKAGE_TARNAME "pcre"
| #define PACKAGE_VERSION "8.43"
| #define PACKAGE_STRING "PCRE 8.43"
| #define PACKAGE_BUGREPORT ""
| #define PACKAGE_URL ""
| #define PACKAGE "pcre"
| #define VERSION "8.43"
| /* end confdefs.h.  */
| #include <ac_nonexistent.h>
configure:5950: checking for grep that handles long lines and -e
configure:6008: result: /bin/grep
configure:6013: checking for egrep
configure:6075: result: /bin/grep -E
configure:6080: checking for ANSI C header files
configure:6100: gcc -c -g -O0 -mno-avx -fno-stack-protector -no-pie -pipe  conftest.c >&5
configure:6100: $? = 0
configure:6173: gcc -o conftest -g -O0 -mno-avx -fno-stack-protector -no-pie -pipe   conftest.c  >&5
configure:6173: $? = 0
configure:6173: ./conftest
configure:6173: $? = 0
configure:6184: result: yes
configure:6197: checking for sys/types.h
configure:6197: gcc -c -g -O0 -mno-avx -fno-stack-protector -no-pie -pipe  conftest.c >&5
configure:6197: $? = 0
configure:6197: result: yes
configure:6197: checking for sys/stat.h
configure:6197: gcc -c -g -O0 -mno-avx -fno-stack-protector -no-pie -pipe  conftest.c >&5
configure:6197: $? = 0
configure:6197: result: yes
configure:6197: checking for stdlib.h
configure:6197: gcc -c -g -O0 -mno-avx -fno-stack-protector -no-pie -pipe  conftest.c >&5
configure:6197: $? = 0
configure:6197: result: yes
configure:6197: checking for string.h
configure:6197: gcc -c -g -O0 -mno-avx -fno-stack-protector -no-pie -pipe  conftest.c >&5
configure:6197: $? = 0
configure:6197: result: yes
configure:6197: checking for memory.h
configure:6197: gcc -c -g -O0 -mno-avx -fno-stack-protector -no-pie -pipe  conftest.c >&5
configure:6197: $? = 0
configure:6197: result: yes
configure:6197: checking for strings.h
configure:6197: gcc -c -g -O0 -mno-avx -fno-stack-protector -no-pie -pipe  conftest.c >&5
configure:6197: $? = 0
configure:6197: result: yes
configure:6197: checking for inttypes.h
configure:6197: gcc -c -g -O0 -mno-avx -fno-stack-protector -no-pie -pipe  conftest.c >&5
configure:6197: $? = 0
configure:6197: result: yes
configure:6197: checking for stdint.h
configure:6197: gcc -c -g -O0 -mno-avx -fno-stack-protector -no-pie -pipe  conftest.c >&5
configure:6197: $? = 0
configure:6197: result: yes
configure:6197: checking for unistd.h
configure:6197: gcc -c -g -O0 -mno-avx -fno-stack-protector -no-pie -pipe  conftest.c >&5
configure:6197: $? = 0
configure:6197: result: yes
configure:6209: checking for int64_t
configure:6209: gcc -c -g -O0 -mno-avx -fno-stack-protector -no-pie -pipe  conftest.c >&5
configure:6209: $? = 0
configure:6209: gcc -c -g -O0 -mno-avx -fno-stack-protector -no-pie -pipe  conftest.c >&5
conftest.c: In function 'main':
conftest.c:59:53: warning: integer overflow in expression [-Woverflow]
    < (int64_t) (((((int64_t) 1 << N) << N) - 1) * 2 + 2))];
                                                     ^
conftest.c:58:12: error: storage size of 'test_array' isn't constant
 static int test_array [1 - 2 * !((int64_t) (((((int64_t) 1 << N) << N) - 1) * 2 + 1)
            ^~~~~~~~~~
configure:6209: $? = 1
configure: failed program was:
| /* confdefs.h */
| #define PACKAGE_NAME "PCRE"
| #define PACKAGE_TARNAME "pcre"
| #define PACKAGE_VERSION "8.43"
| #define PACKAGE_STRING "PCRE 8.43"
| #define PACKAGE_BUGREPORT ""
| #define PACKAGE_URL ""
| #define PACKAGE "pcre"
| #define VERSION "8.43"
| #define STDC_HEADERS 1
| #define HAVE_SYS_TYPES_H 1
| #define HAVE_SYS_STAT_H 1
| #define HAVE_STDLIB_H 1
| #define HAVE_STRING_H 1
| #define HAVE_MEMORY_H 1
| #define HAVE_STRINGS_H 1
| #define HAVE_INTTYPES_H 1
| #define HAVE_STDINT_H 1
| #define HAVE_UNISTD_H 1
| /* end confdefs.h.  */
| #include <stdio.h>
| #ifdef HAVE_SYS_TYPES_H
| # include <sys/types.h>
| #endif
| #ifdef HAVE_SYS_STAT_H
| # include <sys/stat.h>
| #endif
| #ifdef STDC_HEADERS
| # include <stdlib.h>
| # include <stddef.h>
| #else
| # ifdef HAVE_STDLIB_H
| #  include <stdlib.h>
| # endif
| #endif
| #ifdef HAVE_STRING_H
| # if !defined STDC_HEADERS && defined HAVE_MEMORY_H
| #  include <memory.h>
| # endif
| # include <string.h>
| #endif
| #ifdef HAVE_STRINGS_H
| # include <strings.h>
| #endif
| #ifdef HAVE_INTTYPES_H
| # include <inttypes.h>
| #endif
| #ifdef HAVE_STDINT_H
| # include <stdint.h>
| #endif
| #ifdef HAVE_UNISTD_H
| # include <unistd.h>
| #endif
| 	        enum { N = 64 / 2 - 1 };
| int
| main ()
| {
| static int test_array [1 - 2 * !((int64_t) (((((int64_t) 1 << N) << N) - 1) * 2 + 1)
| 		 < (int64_t) (((((int64_t) 1 << N) << N) - 1) * 2 + 2))];
| test_array [0] = 0;
| return test_array [0];
| 
|   ;
|   return 0;
| }
configure:6209: result: yes
configure:6226: checking build system type
configure:6240: result: x86_64-pc-linux-gnu
configure:6260: checking host system type
configure:6273: result: x86_64-pc-linux-gnu
configure:6642: checking how to print strings
configure:6669: result: printf
configure:6690: checking for a sed that does not truncate output
configure:6754: result: /bin/sed
configure:6772: checking for fgrep
configure:6834: result: /bin/grep -F
configure:6869: checking for ld used by gcc
configure:6936: result: /usr/bin/ld
configure:6943: checking if the linker (/usr/bin/ld) is GNU ld
configure:6958: result: yes
configure:6970: checking for BSD- or MS-compatible name lister (nm)
configure:7024: result: /usr/bin/nm -B
configure:7154: checking the name lister (/usr/bin/nm -B) interface
configure:7161: gcc -c -g -O0 -mno-avx -fno-stack-protector -no-pie -pipe  conftest.c >&5
configure:7164: /usr/bin/nm -B "conftest.o"
configure:7167: output
0000000000000000 B some_variable
configure:7174: result: BSD nm
configure:7177: checking whether ln -s works
configure:7181: result: yes
configure:7189: checking the maximum length of command line arguments
configure:7320: result: 1572864
configure:7368: checking how to convert x86_64-pc-linux-gnu file names to x86_64-pc-linux-gnu format
configure:7408: result: func_convert_file_noop
configure:7415: checking how to convert x86_64-pc-linux-gnu file names to toolchain format
configure:7435: result: func_convert_file_noop
configure:7442: checking for /usr/bin/ld option to reload object files
configure:7449: result: -r
configure:7523: checking for objdump
configure:7550: result: objdump
configure:7579: checking how to recognize dependent libraries
configure:7779: result: pass_all
configure:7864: checking for dlltool
configure:7891: result: dlltool
configure:7921: checking how to associate runtime and link libraries
configure:7948: result: printf %s\n
configure:8072: checking for archiver @FILE support
configure:8089: gcc -c -g -O0 -mno-avx -fno-stack-protector -no-pie -pipe  conftest.c >&5
configure:8089: $? = 0
configure:8092: ar cru libconftest.a @conftest.lst >&5
ar: `u' modifier ignored since `D' is the default (see `U')
configure:8095: $? = 0
configure:8100: ar cru libconftest.a @conftest.lst >&5
ar: `u' modifier ignored since `D' is the default (see `U')
ar: conftest.o: No such file or directory
configure:8103: $? = 1
configure:8115: result: @
configure:8173: checking for strip
configure:8189: found /usr/bin/strip
configure:8200: result: strip
configure:8272: checking for ranlib
configure:8288: found /usr/bin/ranlib
configure:8299: result: ranlib
configure:8401: checking command to parse /usr/bin/nm -B output from gcc object
configure:8554: gcc -c -g -O0 -mno-avx -fno-stack-protector -no-pie -pipe  conftest.c >&5
configure:8557: $? = 0
configure:8561: /usr/bin/nm -B conftest.o \| sed -n -e 's/^.*[ ]\([ABCDGIRSTW][ABCDGIRSTW]*\)[ ][ ]*\([_A-Za-z][_A-Za-z0-9]*\)$/\1 \2 \2/p' | sed '/ __gnu_lto/d' \> conftest.nm
configure:8564: $? = 0
configure:8630: gcc -o conftest -g -O0 -mno-avx -fno-stack-protector -no-pie -pipe   conftest.c conftstm.o >&5
configure:8633: $? = 0
configure:8671: result: ok
configure:8718: checking for sysroot
configure:8748: result: no
configure:8755: checking for a working dd
configure:8793: result: /bin/dd
configure:8797: checking how to truncate binary pipes
configure:8812: result: /bin/dd bs=4096 count=1
configure:8948: gcc -c -g -O0 -mno-avx -fno-stack-protector -no-pie -pipe  conftest.c >&5
configure:8951: $? = 0
configure:9141: checking for mt
configure:9157: found /bin/mt
configure:9168: result: mt
configure:9191: checking if mt is a manifest tool
configure:9197: mt '-?'
configure:9205: result: no
configure:9879: checking for dlfcn.h
configure:9879: gcc -c -g -O0 -mno-avx -fno-stack-protector -no-pie -pipe  conftest.c >&5
configure:9879: $? = 0
configure:9879: result: yes
configure:10143: checking for objdir
configure:10158: result: .libs
configure:10422: checking if gcc supports -fno-rtti -fno-exceptions
configure:10440: gcc -c -g -O0 -mno-avx -fno-stack-protector -no-pie -pipe  -fno-rtti -fno-exceptions conftest.c >&5
cc1: warning: command line option '-fno-rtti' is valid for C++/ObjC++ but not for C
configure:10444: $? = 0
configure:10457: result: no
configure:10815: checking for gcc option to produce PIC
configure:10822: result: -fPIC -DPIC
configure:10830: checking if gcc PIC flag -fPIC -DPIC works
configure:10848: gcc -c -g -O0 -mno-avx -fno-stack-protector -no-pie -pipe  -fPIC -DPIC -DPIC conftest.c >&5
configure:10852: $? = 0
configure:10865: result: yes
configure:10894: checking if gcc static flag -static works
configure:10922: result: yes
configure:10937: checking if gcc supports -c -o file.o
configure:10958: gcc -c -g -O0 -mno-avx -fno-stack-protector -no-pie -pipe  -o out/conftest2.o conftest.c >&5
configure:10962: $? = 0
configure:10984: result: yes
configure:10992: checking if gcc supports -c -o file.o
configure:11039: result: yes
configure:11072: checking whether the gcc linker (/usr/bin/ld -m elf_x86_64) supports shared libraries
configure:12335: result: yes
configure:12575: checking dynamic linker characteristics
configure:13156: gcc -o conftest -g -O0 -mno-avx -fno-stack-protector -no-pie -pipe   -Wl,-rpath -Wl,/foo conftest.c  >&5
configure:13156: $? = 0
configure:13405: result: GNU/Linux ld.so
configure:13527: checking how to hardcode library paths into programs
configure:13552: result: immediate
configure:14100: checking whether stripping libraries is possible
configure:14105: result: yes
configure:14140: checking if libtool supports shared libraries
configure:14142: result: yes
configure:14145: checking whether to build shared libraries
configure:14170: result: no
configure:14173: checking whether to build static libraries
configure:14177: result: yes
configure:14200: checking how to run the C++ preprocessor
configure:14227: g++ -E  conftest.cpp
configure:14227: $? = 0
configure:14241: g++ -E  conftest.cpp
conftest.cpp:23:10: fatal error: ac_nonexistent.h: No such file or directory
 #include <ac_nonexistent.h>
          ^~~~~~~~~~~~~~~~~~
compilation terminated.
configure:14241: $? = 1
configure: failed program was:
| /* confdefs.h */
| #define PACKAGE_NAME "PCRE"
| #define PACKAGE_TARNAME "pcre"
| #define PACKAGE_VERSION "8.43"
| #define PACKAGE_STRING "PCRE 8.43"
| #define PACKAGE_BUGREPORT ""
| #define PACKAGE_URL ""
| #define PACKAGE "pcre"
| #define VERSION "8.43"
| #define STDC_HEADERS 1
| #define HAVE_SYS_TYPES_H 1
| #define HAVE_SYS_STAT_H 1
| #define HAVE_STDLIB_H 1
| #define HAVE_STRING_H 1
| #define HAVE_MEMORY_H 1
| #define HAVE_STRINGS_H 1
| #define HAVE_INTTYPES_H 1
| #define HAVE_STDINT_H 1
| #define HAVE_UNISTD_H 1
| #define HAVE_DLFCN_H 1
| #define LT_OBJDIR ".libs/"
| /* end confdefs.h.  */
| #include <ac_nonexistent.h>
configure:14266: result: g++ -E
configure:14286: g++ -E  conftest.cpp
configure:14286: $? = 0
configure:14300: g++ -E  conftest.cpp
conftest.cpp:23:10: fatal error: ac_nonexistent.h: No such file or directory
 #include <ac_nonexistent.h>
          ^~~~~~~~~~~~~~~~~~
compilation terminated.
configure:14300: $? = 1
configure: failed program was:
| /* confdefs.h */
| #define PACKAGE_NAME "PCRE"
| #define PACKAGE_TARNAME "pcre"
| #define PACKAGE_VERSION "8.43"
| #define PACKAGE_STRING "PCRE 8.43"
| #define PACKAGE_BUGREPORT ""
| #define PACKAGE_URL ""
| #define PACKAGE "pcre"
| #define VERSION "8.43"
| #define STDC_HEADERS 1
| #define HAVE_SYS_TYPES_H 1
| #define HAVE_SYS_STAT_H 1
| #define HAVE_STDLIB_H 1
| #define HAVE_STRING_H 1
| #define HAVE_MEMORY_H 1
| #define HAVE_STRINGS_H 1
| #define HAVE_INTTYPES_H 1
| #define HAVE_STDINT_H 1
| #define HAVE_UNISTD_H 1
| #define HAVE_DLFCN_H 1
| #define LT_OBJDIR ".libs/"
| /* end confdefs.h.  */
| #include <ac_nonexistent.h>
configure:14462: checking for ld used by g++
configure:14529: result: /usr/bin/ld -m elf_x86_64
configure:14536: checking if the linker (/usr/bin/ld -m elf_x86_64) is GNU ld
configure:14551: result: yes
configure:14606: checking whether the g++ linker (/usr/bin/ld -m elf_x86_64) supports shared libraries
configure:15679: result: yes
configure:15715: g++ -c -O2  conftest.cpp >&5
configure:15718: $? = 0
configure:16199: checking for g++ option to produce PIC
configure:16206: result: -fPIC -DPIC
configure:16214: checking if g++ PIC flag -fPIC -DPIC works
configure:16232: g++ -c -O2  -fPIC -DPIC -DPIC conftest.cpp >&5
configure:16236: $? = 0
configure:16249: result: yes
configure:16272: checking if g++ static flag -static works
configure:16300: result: yes
configure:16312: checking if g++ supports -c -o file.o
configure:16333: g++ -c -O2  -o out/conftest2.o conftest.cpp >&5
configure:16337: $? = 0
configure:16359: result: yes
configure:16364: checking if g++ supports -c -o file.o
configure:16411: result: yes
configure:16441: checking whether the g++ linker (/usr/bin/ld -m elf_x86_64) supports shared libraries
configure:16484: result: yes
configure:16625: checking dynamic linker characteristics
configure:17382: result: GNU/Linux ld.so
configure:17447: checking how to hardcode library paths into programs
configure:17472: result: immediate
configure:17533: checking whether ln -s works
configure:17537: result: yes
configure:17553: checking whether the -Werror option is usable
configure:17572: gcc -c -g -O0 -mno-avx -fno-stack-protector -no-pie -pipe -Werror  conftest.c >&5
configure:17572: $? = 0
configure:17581: result: yes
configure:17583: checking for simple visibility declarations
configure:17610: gcc -c -g -O0 -mno-avx -fno-stack-protector -no-pie -pipe -fvisibility=hidden -Werror  conftest.c >&5
configure:17610: $? = 0
configure:17619: result: yes
configure:18114: checking for ANSI C header files
configure:18218: result: yes
configure:18229: checking limits.h usability
configure:18229: gcc -c -g -O0 -mno-avx -fno-stack-protector -no-pie -pipe  conftest.c >&5
configure:18229: $? = 0
configure:18229: result: yes
configure:18229: checking limits.h presence
configure:18229: gcc -E  conftest.c
configure:18229: $? = 0
configure:18229: result: yes
configure:18229: checking for limits.h
configure:18229: result: yes
configure:18229: checking for sys/types.h
configure:18229: result: yes
configure:18229: checking for sys/stat.h
configure:18229: result: yes
configure:18229: checking dirent.h usability
configure:18229: gcc -c -g -O0 -mno-avx -fno-stack-protector -no-pie -pipe  conftest.c >&5
configure:18229: $? = 0
configure:18229: result: yes
configure:18229: checking dirent.h presence
configure:18229: gcc -E  conftest.c
configure:18229: $? = 0
configure:18229: result: yes
configure:18229: checking for dirent.h
configure:18229: result: yes
configure:18241: checking windows.h usability
configure:18241: gcc -c -g -O0 -mno-avx -fno-stack-protector -no-pie -pipe  conftest.c >&5
conftest.c:69:10: fatal error: windows.h: No such file or directory
 #include <windows.h>
          ^~~~~~~~~~~
compilation terminated.
configure:18241: $? = 1
configure: failed program was:
| /* confdefs.h */
| #define PACKAGE_NAME "PCRE"
| #define PACKAGE_TARNAME "pcre"
| #define PACKAGE_VERSION "8.43"
| #define PACKAGE_STRING "PCRE 8.43"
| #define PACKAGE_BUGREPORT ""
| #define PACKAGE_URL ""
| #define PACKAGE "pcre"
| #define VERSION "8.43"
| #define STDC_HEADERS 1
| #define HAVE_SYS_TYPES_H 1
| #define HAVE_SYS_STAT_H 1
| #define HAVE_STDLIB_H 1
| #define HAVE_STRING_H 1
| #define HAVE_MEMORY_H 1
| #define HAVE_STRINGS_H 1
| #define HAVE_INTTYPES_H 1
| #define HAVE_STDINT_H 1
| #define HAVE_UNISTD_H 1
| #define HAVE_DLFCN_H 1
| #define LT_OBJDIR ".libs/"
| #define PCRE_EXP_DECL extern __attribute__ ((visibility ("default")))
| #define PCRE_EXP_DEFN __attribute__ ((visibility ("default")))
| #define PCRE_EXP_DATA_DEFN __attribute__ ((visibility ("default")))
| #define PCREPOSIX_EXP_DECL extern __attribute__ ((visibility ("default")))
| #define PCREPOSIX_EXP_DEFN extern __attribute__ ((visibility ("default")))
| #define PCRECPP_EXP_DECL extern __attribute__ ((visibility ("default")))
| #define PCRECPP_EXP_DEFN __attribute__ ((visibility ("default")))
| #define HAVE_VISIBILITY 1
| #define STDC_HEADERS 1
| #define HAVE_LIMITS_H 1
| #define HAVE_SYS_TYPES_H 1
| #define HAVE_SYS_STAT_H 1
| #define HAVE_DIRENT_H 1
| /* end confdefs.h.  */
| #include <stdio.h>
| #ifdef HAVE_SYS_TYPES_H
| # include <sys/types.h>
| #endif
| #ifdef HAVE_SYS_STAT_H
| # include <sys/stat.h>
| #endif
| #ifdef STDC_HEADERS
| # include <stdlib.h>
| # include <stddef.h>
| #else
| # ifdef HAVE_STDLIB_H
| #  include <stdlib.h>
| # endif
| #endif
| #ifdef HAVE_STRING_H
| # if !defined STDC_HEADERS && defined HAVE_MEMORY_H
| #  include <memory.h>
| # endif
| # include <string.h>
| #endif
| #ifdef HAVE_STRINGS_H
| # include <strings.h>
| #endif
| #ifdef HAVE_INTTYPES_H
| # include <inttypes.h>
| #endif
| #ifdef HAVE_STDINT_H
| # include <stdint.h>
| #endif
| #ifdef HAVE_UNISTD_H
| # include <unistd.h>
| #endif
| #include <windows.h>
configure:18241: result: no
configure:18241: checking windows.h presence
configure:18241: gcc -E  conftest.c
conftest.c:36:10: fatal error: windows.h: No such file or directory
 #include <windows.h>
          ^~~~~~~~~~~
compilation terminated.
configure:18241: $? = 1
configure: failed program was:
| /* confdefs.h */
| #define PACKAGE_NAME "PCRE"
| #define PACKAGE_TARNAME "pcre"
| #define PACKAGE_VERSION "8.43"
| #define PACKAGE_STRING "PCRE 8.43"
| #define PACKAGE_BUGREPORT ""
| #define PACKAGE_URL ""
| #define PACKAGE "pcre"
| #define VERSION "8.43"
| #define STDC_HEADERS 1
| #define HAVE_SYS_TYPES_H 1
| #define HAVE_SYS_STAT_H 1
| #define HAVE_STDLIB_H 1
| #define HAVE_STRING_H 1
| #define HAVE_MEMORY_H 1
| #define HAVE_STRINGS_H 1
| #define HAVE_INTTYPES_H 1
| #define HAVE_STDINT_H 1
| #define HAVE_UNISTD_H 1
| #define HAVE_DLFCN_H 1
| #define LT_OBJDIR ".libs/"
| #define PCRE_EXP_DECL extern __attribute__ ((visibility ("default")))
| #define PCRE_EXP_DEFN __attribute__ ((visibility ("default")))
| #define PCRE_EXP_DATA_DEFN __attribute__ ((visibility ("default")))
| #define PCREPOSIX_EXP_DECL extern __attribute__ ((visibility ("default")))
| #define PCREPOSIX_EXP_DEFN extern __attribute__ ((visibility ("default")))
| #define PCRECPP_EXP_DECL extern __attribute__ ((visibility ("default")))
| #define PCRECPP_EXP_DEFN __attribute__ ((visibility ("default")))
| #define HAVE_VISIBILITY 1
| #define STDC_HEADERS 1
| #define HAVE_LIMITS_H 1
| #define HAVE_SYS_TYPES_H 1
| #define HAVE_SYS_STAT_H 1
| #define HAVE_DIRENT_H 1
| /* end confdefs.h.  */
| #include <windows.h>
configure:18241: result: no
configure:18241: checking for windows.h
configure:18241: result: no
configure:18277: checking for alias support in the linker
configure:18296: g++ -o conftest -O2   -Wl,-alias,__ZN7pcrecpp2RE6no_argE,__ZN7pcrecpp6no_argE conftest.cpp  >&5
/usr/bin/ld: unrecognized -a option `lias'
collect2: error: ld returned 1 exit status
configure:18296: $? = 1
configure: failed program was:
| /* confdefs.h */
| #define PACKAGE_NAME "PCRE"
| #define PACKAGE_TARNAME "pcre"
| #define PACKAGE_VERSION "8.43"
| #define PACKAGE_STRING "PCRE 8.43"
| #define PACKAGE_BUGREPORT ""
| #define PACKAGE_URL ""
| #define PACKAGE "pcre"
| #define VERSION "8.43"
| #define STDC_HEADERS 1
| #define HAVE_SYS_TYPES_H 1
| #define HAVE_SYS_STAT_H 1
| #define HAVE_STDLIB_H 1
| #define HAVE_STRING_H 1
| #define HAVE_MEMORY_H 1
| #define HAVE_STRINGS_H 1
| #define HAVE_INTTYPES_H 1
| #define HAVE_STDINT_H 1
| #define HAVE_UNISTD_H 1
| #define HAVE_DLFCN_H 1
| #define LT_OBJDIR ".libs/"
| #define PCRE_EXP_DECL extern __attribute__ ((visibility ("default")))
| #define PCRE_EXP_DEFN __attribute__ ((visibility ("default")))
| #define PCRE_EXP_DATA_DEFN __attribute__ ((visibility ("default")))
| #define PCREPOSIX_EXP_DECL extern __attribute__ ((visibility ("default")))
| #define PCREPOSIX_EXP_DEFN extern __attribute__ ((visibility ("default")))
| #define PCRECPP_EXP_DECL extern __attribute__ ((visibility ("default")))
| #define PCRECPP_EXP_DEFN __attribute__ ((visibility ("default")))
| #define HAVE_VISIBILITY 1
| #define STDC_HEADERS 1
| #define HAVE_LIMITS_H 1
| #define HAVE_SYS_TYPES_H 1
| #define HAVE_SYS_STAT_H 1
| #define HAVE_DIRENT_H 1
| /* end confdefs.h.  */
| namespace pcrecpp {
|                                     class RE { static int no_arg; };
|                                     int RE::no_arg;
|                                   }
| int
| main ()
| {
| 
|   ;
|   return 0;
| }
configure:18302: result: no
configure:18277: checking for alias support in the linker
configure:18296: g++ -o conftest -O2   -Wl,-i__ZN7pcrecpp6no_argE:__ZN7pcrecpp2RE6no_argE conftest.cpp  >&5
/usr/bin/ld: unrecognised option: -i__ZN7pcrecpp6no_argE:__ZN7pcrecpp2RE6no_argE
collect2: error: ld returned 1 exit status
configure:18296: $? = 1
configure: failed program was:
| /* confdefs.h */
| #define PACKAGE_NAME "PCRE"
| #define PACKAGE_TARNAME "pcre"
| #define PACKAGE_VERSION "8.43"
| #define PACKAGE_STRING "PCRE 8.43"
| #define PACKAGE_BUGREPORT ""
| #define PACKAGE_URL ""
| #define PACKAGE "pcre"
| #define VERSION "8.43"
| #define STDC_HEADERS 1
| #define HAVE_SYS_TYPES_H 1
| #define HAVE_SYS_STAT_H 1
| #define HAVE_STDLIB_H 1
| #define HAVE_STRING_H 1
| #define HAVE_MEMORY_H 1
| #define HAVE_STRINGS_H 1
| #define HAVE_INTTYPES_H 1
| #define HAVE_STDINT_H 1
| #define HAVE_UNISTD_H 1
| #define HAVE_DLFCN_H 1
| #define LT_OBJDIR ".libs/"
| #define PCRE_EXP_DECL extern __attribute__ ((visibility ("default")))
| #define PCRE_EXP_DEFN __attribute__ ((visibility ("default")))
| #define PCRE_EXP_DATA_DEFN __attribute__ ((visibility ("default")))
| #define PCREPOSIX_EXP_DECL extern __attribute__ ((visibility ("default")))
| #define PCREPOSIX_EXP_DEFN extern __attribute__ ((visibility ("default")))
| #define PCRECPP_EXP_DECL extern __attribute__ ((visibility ("default")))
| #define PCRECPP_EXP_DEFN __attribute__ ((visibility ("default")))
| #define HAVE_VISIBILITY 1
| #define STDC_HEADERS 1
| #define HAVE_LIMITS_H 1
| #define HAVE_SYS_TYPES_H 1
| #define HAVE_SYS_STAT_H 1
| #define HAVE_DIRENT_H 1
| /* end confdefs.h.  */
| namespace pcrecpp {
|                                     class RE { static int no_arg; };
|                                     int RE::no_arg;
|                                   }
| int
| main ()
| {
| 
|   ;
|   return 0;
| }
configure:18302: result: no
configure:18316: checking string usability
configure:18316: g++ -c -O2  conftest.cpp >&5
configure:18316: $? = 0
configure:18316: result: yes
configure:18316: checking string presence
configure:18316: g++ -E  conftest.cpp
configure:18316: $? = 0
configure:18316: result: yes
configure:18316: checking for string
configure:18316: result: yes
configure:18330: checking bits/type_traits.h usability
configure:18330: g++ -c -O2  conftest.cpp >&5
conftest.cpp:70:10: fatal error: bits/type_traits.h: No such file or directory
 #include <bits/type_traits.h>
          ^~~~~~~~~~~~~~~~~~~~
compilation terminated.
configure:18330: $? = 1
configure: failed program was:
| /* confdefs.h */
| #define PACKAGE_NAME "PCRE"
| #define PACKAGE_TARNAME "pcre"
| #define PACKAGE_VERSION "8.43"
| #define PACKAGE_STRING "PCRE 8.43"
| #define PACKAGE_BUGREPORT ""
| #define PACKAGE_URL ""
| #define PACKAGE "pcre"
| #define VERSION "8.43"
| #define STDC_HEADERS 1
| #define HAVE_SYS_TYPES_H 1
| #define HAVE_SYS_STAT_H 1
| #define HAVE_STDLIB_H 1
| #define HAVE_STRING_H 1
| #define HAVE_MEMORY_H 1
| #define HAVE_STRINGS_H 1
| #define HAVE_INTTYPES_H 1
| #define HAVE_STDINT_H 1
| #define HAVE_UNISTD_H 1
| #define HAVE_DLFCN_H 1
| #define LT_OBJDIR ".libs/"
| #define PCRE_EXP_DECL extern __attribute__ ((visibility ("default")))
| #define PCRE_EXP_DEFN __attribute__ ((visibility ("default")))
| #define PCRE_EXP_DATA_DEFN __attribute__ ((visibility ("default")))
| #define PCREPOSIX_EXP_DECL extern __attribute__ ((visibility ("default")))
| #define PCREPOSIX_EXP_DEFN extern __attribute__ ((visibility ("default")))
| #define PCRECPP_EXP_DECL extern __attribute__ ((visibility ("default")))
| #define PCRECPP_EXP_DEFN __attribute__ ((visibility ("default")))
| #define HAVE_VISIBILITY 1
| #define STDC_HEADERS 1
| #define HAVE_LIMITS_H 1
| #define HAVE_SYS_TYPES_H 1
| #define HAVE_SYS_STAT_H 1
| #define HAVE_DIRENT_H 1
| #define HAVE_STRING 1
| /* end confdefs.h.  */
| #include <stdio.h>
| #ifdef HAVE_SYS_TYPES_H
| # include <sys/types.h>
| #endif
| #ifdef HAVE_SYS_STAT_H
| # include <sys/stat.h>
| #endif
| #ifdef STDC_HEADERS
| # include <stdlib.h>
| # include <stddef.h>
| #else
| # ifdef HAVE_STDLIB_H
| #  include <stdlib.h>
| # endif
| #endif
| #ifdef HAVE_STRING_H
| # if !defined STDC_HEADERS && defined HAVE_MEMORY_H
| #  include <memory.h>
| # endif
| # include <string.h>
| #endif
| #ifdef HAVE_STRINGS_H
| # include <strings.h>
| #endif
| #ifdef HAVE_INTTYPES_H
| # include <inttypes.h>
| #endif
| #ifdef HAVE_STDINT_H
| # include <stdint.h>
| #endif
| #ifdef HAVE_UNISTD_H
| # include <unistd.h>
| #endif
| #include <bits/type_traits.h>
configure:18330: result: no
configure:18330: checking bits/type_traits.h presence
configure:18330: g++ -E  conftest.cpp
conftest.cpp:37:10: fatal error: bits/type_traits.h: No such file or directory
 #include <bits/type_traits.h>
          ^~~~~~~~~~~~~~~~~~~~
compilation terminated.
configure:18330: $? = 1
configure: failed program was:
| /* confdefs.h */
| #define PACKAGE_NAME "PCRE"
| #define PACKAGE_TARNAME "pcre"
| #define PACKAGE_VERSION "8.43"
| #define PACKAGE_STRING "PCRE 8.43"
| #define PACKAGE_BUGREPORT ""
| #define PACKAGE_URL ""
| #define PACKAGE "pcre"
| #define VERSION "8.43"
| #define STDC_HEADERS 1
| #define HAVE_SYS_TYPES_H 1
| #define HAVE_SYS_STAT_H 1
| #define HAVE_STDLIB_H 1
| #define HAVE_STRING_H 1
| #define HAVE_MEMORY_H 1
| #define HAVE_STRINGS_H 1
| #define HAVE_INTTYPES_H 1
| #define HAVE_STDINT_H 1
| #define HAVE_UNISTD_H 1
| #define HAVE_DLFCN_H 1
| #define LT_OBJDIR ".libs/"
| #define PCRE_EXP_DECL extern __attribute__ ((visibility ("default")))
| #define PCRE_EXP_DEFN __attribute__ ((visibility ("default")))
| #define PCRE_EXP_DATA_DEFN __attribute__ ((visibility ("default")))
| #define PCREPOSIX_EXP_DECL extern __attribute__ ((visibility ("default")))
| #define PCREPOSIX_EXP_DEFN extern __attribute__ ((visibility ("default")))
| #define PCRECPP_EXP_DECL extern __attribute__ ((visibility ("default")))
| #define PCRECPP_EXP_DEFN __attribute__ ((visibility ("default")))
| #define HAVE_VISIBILITY 1
| #define STDC_HEADERS 1
| #define HAVE_LIMITS_H 1
| #define HAVE_SYS_TYPES_H 1
| #define HAVE_SYS_STAT_H 1
| #define HAVE_DIRENT_H 1
| #define HAVE_STRING 1
| /* end confdefs.h.  */
| #include <bits/type_traits.h>
configure:18330: result: no
configure:18330: checking for bits/type_traits.h
configure:18330: result: no
configure:18344: checking type_traits.h usability
configure:18344: g++ -c -O2  conftest.cpp >&5
conftest.cpp:70:10: fatal error: type_traits.h: No such file or directory
 #include <type_traits.h>
          ^~~~~~~~~~~~~~~
compilation terminated.
configure:18344: $? = 1
configure: failed program was:
| /* confdefs.h */
| #define PACKAGE_NAME "PCRE"
| #define PACKAGE_TARNAME "pcre"
| #define PACKAGE_VERSION "8.43"
| #define PACKAGE_STRING "PCRE 8.43"
| #define PACKAGE_BUGREPORT ""
| #define PACKAGE_URL ""
| #define PACKAGE "pcre"
| #define VERSION "8.43"
| #define STDC_HEADERS 1
| #define HAVE_SYS_TYPES_H 1
| #define HAVE_SYS_STAT_H 1
| #define HAVE_STDLIB_H 1
| #define HAVE_STRING_H 1
| #define HAVE_MEMORY_H 1
| #define HAVE_STRINGS_H 1
| #define HAVE_INTTYPES_H 1
| #define HAVE_STDINT_H 1
| #define HAVE_UNISTD_H 1
| #define HAVE_DLFCN_H 1
| #define LT_OBJDIR ".libs/"
| #define PCRE_EXP_DECL extern __attribute__ ((visibility ("default")))
| #define PCRE_EXP_DEFN __attribute__ ((visibility ("default")))
| #define PCRE_EXP_DATA_DEFN __attribute__ ((visibility ("default")))
| #define PCREPOSIX_EXP_DECL extern __attribute__ ((visibility ("default")))
| #define PCREPOSIX_EXP_DEFN extern __attribute__ ((visibility ("default")))
| #define PCRECPP_EXP_DECL extern __attribute__ ((visibility ("default")))
| #define PCRECPP_EXP_DEFN __attribute__ ((visibility ("default")))
| #define HAVE_VISIBILITY 1
| #define STDC_HEADERS 1
| #define HAVE_LIMITS_H 1
| #define HAVE_SYS_TYPES_H 1
| #define HAVE_SYS_STAT_H 1
| #define HAVE_DIRENT_H 1
| #define HAVE_STRING 1
| /* end confdefs.h.  */
| #include <stdio.h>
| #ifdef HAVE_SYS_TYPES_H
| # include <sys/types.h>
| #endif
| #ifdef HAVE_SYS_STAT_H
| # include <sys/stat.h>
| #endif
| #ifdef STDC_HEADERS
| # include <stdlib.h>
| # include <stddef.h>
| #else
| # ifdef HAVE_STDLIB_H
| #  include <stdlib.h>
| # endif
| #endif
| #ifdef HAVE_STRING_H
| # if !defined STDC_HEADERS && defined HAVE_MEMORY_H
| #  include <memory.h>
| # endif
| # include <string.h>
| #endif
| #ifdef HAVE_STRINGS_H
| # include <strings.h>
| #endif
| #ifdef HAVE_INTTYPES_H
| # include <inttypes.h>
| #endif
| #ifdef HAVE_STDINT_H
| # include <stdint.h>
| #endif
| #ifdef HAVE_UNISTD_H
| # include <unistd.h>
| #endif
| #include <type_traits.h>
configure:18344: result: no
configure:18344: checking type_traits.h presence
configure:18344: g++ -E  conftest.cpp
conftest.cpp:37:10: fatal error: type_traits.h: No such file or directory
 #include <type_traits.h>
          ^~~~~~~~~~~~~~~
compilation terminated.
configure:18344: $? = 1
configure: failed program was:
| /* confdefs.h */
| #define PACKAGE_NAME "PCRE"
| #define PACKAGE_TARNAME "pcre"
| #define PACKAGE_VERSION "8.43"
| #define PACKAGE_STRING "PCRE 8.43"
| #define PACKAGE_BUGREPORT ""
| #define PACKAGE_URL ""
| #define PACKAGE "pcre"
| #define VERSION "8.43"
| #define STDC_HEADERS 1
| #define HAVE_SYS_TYPES_H 1
| #define HAVE_SYS_STAT_H 1
| #define HAVE_STDLIB_H 1
| #define HAVE_STRING_H 1
| #define HAVE_MEMORY_H 1
| #define HAVE_STRINGS_H 1
| #define HAVE_INTTYPES_H 1
| #define HAVE_STDINT_H 1
| #define HAVE_UNISTD_H 1
| #define HAVE_DLFCN_H 1
| #define LT_OBJDIR ".libs/"
| #define PCRE_EXP_DECL extern __attribute__ ((visibility ("default")))
| #define PCRE_EXP_DEFN __attribute__ ((visibility ("default")))
| #define PCRE_EXP_DATA_DEFN __attribute__ ((visibility ("default")))
| #define PCREPOSIX_EXP_DECL extern __attribute__ ((visibility ("default")))
| #define PCREPOSIX_EXP_DEFN extern __attribute__ ((visibility ("default")))
| #define PCRECPP_EXP_DECL extern __attribute__ ((visibility ("default")))
| #define PCRECPP_EXP_DEFN __attribute__ ((visibility ("default")))
| #define HAVE_VISIBILITY 1
| #define STDC_HEADERS 1
| #define HAVE_LIMITS_H 1
| #define HAVE_SYS_TYPES_H 1
| #define HAVE_SYS_STAT_H 1
| #define HAVE_DIRENT_H 1
| #define HAVE_STRING 1
| /* end confdefs.h.  */
| #include <type_traits.h>
configure:18344: result: no
configure:18344: checking for type_traits.h
configure:18344: result: no
configure:18370: checking for strtoq
configure:18388: g++ -c -O2  conftest.cpp >&5
configure:18388: $? = 0
configure:18389: result: yes
configure:18406: checking for long long
configure:18406: g++ -c -O2  conftest.cpp >&5
configure:18406: $? = 0
configure:18406: g++ -c -O2  conftest.cpp >&5
conftest.cpp: In function 'int main()':
conftest.cpp:74:14: error: expected primary-expression before 'long'
 if (sizeof ((long long)))
              ^~~~
conftest.cpp:74:14: error: expected ')' before 'long'
conftest.cpp:75:14: error: expected ')' before ';' token
      return 0;
              ^
conftest.cpp:75:14: error: expected ')' before ';' token
configure:18406: $? = 1
configure: failed program was:
| /* confdefs.h */
| #define PACKAGE_NAME "PCRE"
| #define PACKAGE_TARNAME "pcre"
| #define PACKAGE_VERSION "8.43"
| #define PACKAGE_STRING "PCRE 8.43"
| #define PACKAGE_BUGREPORT ""
| #define PACKAGE_URL ""
| #define PACKAGE "pcre"
| #define VERSION "8.43"
| #define STDC_HEADERS 1
| #define HAVE_SYS_TYPES_H 1
| #define HAVE_SYS_STAT_H 1
| #define HAVE_STDLIB_H 1
| #define HAVE_STRING_H 1
| #define HAVE_MEMORY_H 1
| #define HAVE_STRINGS_H 1
| #define HAVE_INTTYPES_H 1
| #define HAVE_STDINT_H 1
| #define HAVE_UNISTD_H 1
| #define HAVE_DLFCN_H 1
| #define LT_OBJDIR ".libs/"
| #define PCRE_EXP_DECL extern __attribute__ ((visibility ("default")))
| #define PCRE_EXP_DEFN __attribute__ ((visibility ("default")))
| #define PCRE_EXP_DATA_DEFN __attribute__ ((visibility ("default")))
| #define PCREPOSIX_EXP_DECL extern __attribute__ ((visibility ("default")))
| #define PCREPOSIX_EXP_DEFN extern __attribute__ ((visibility ("default")))
| #define PCRECPP_EXP_DECL extern __attribute__ ((visibility ("default")))
| #define PCRECPP_EXP_DEFN __attribute__ ((visibility ("default")))
| #define HAVE_VISIBILITY 1
| #define STDC_HEADERS 1
| #define HAVE_LIMITS_H 1
| #define HAVE_SYS_TYPES_H 1
| #define HAVE_SYS_STAT_H 1
| #define HAVE_DIRENT_H 1
| #define HAVE_STRING 1
| #define HAVE_STRTOQ 1
| /* end confdefs.h.  */
| #include <stdio.h>
| #ifdef HAVE_SYS_TYPES_H
| # include <sys/types.h>
| #endif
| #ifdef HAVE_SYS_STAT_H
| # include <sys/stat.h>
| #endif
| #ifdef STDC_HEADERS
| # include <stdlib.h>
| # include <stddef.h>
| #else
| # ifdef HAVE_STDLIB_H
| #  include <stdlib.h>
| # endif
| #endif
| #ifdef HAVE_STRING_H
| # if !defined STDC_HEADERS && defined HAVE_MEMORY_H
| #  include <memory.h>
| # endif
| # include <string.h>
| #endif
| #ifdef HAVE_STRINGS_H
| # include <strings.h>
| #endif
| #ifdef HAVE_INTTYPES_H
| # include <inttypes.h>
| #endif
| #ifdef HAVE_STDINT_H
| # include <stdint.h>
| #endif
| #ifdef HAVE_UNISTD_H
| # include <unistd.h>
| #endif
| int
| main ()
| {
| if (sizeof ((long long)))
| 	    return 0;
|   ;
|   return 0;
| }
configure:18406: result: yes
configure:18418: checking for unsigned long long
configure:18418: g++ -c -O2  conftest.cpp >&5
configure:18418: $? = 0
configure:18418: g++ -c -O2  conftest.cpp >&5
conftest.cpp: In function 'int main()':
conftest.cpp:75:14: error: expected primary-expression before 'unsigned'
 if (sizeof ((unsigned long long)))
              ^~~~~~~~
conftest.cpp:75:14: error: expected ')' before 'unsigned'
conftest.cpp:76:14: error: expected ')' before ';' token
      return 0;
              ^
conftest.cpp:76:14: error: expected ')' before ';' token
configure:18418: $? = 1
configure: failed program was:
| /* confdefs.h */
| #define PACKAGE_NAME "PCRE"
| #define PACKAGE_TARNAME "pcre"
| #define PACKAGE_VERSION "8.43"
| #define PACKAGE_STRING "PCRE 8.43"
| #define PACKAGE_BUGREPORT ""
| #define PACKAGE_URL ""
| #define PACKAGE "pcre"
| #define VERSION "8.43"
| #define STDC_HEADERS 1
| #define HAVE_SYS_TYPES_H 1
| #define HAVE_SYS_STAT_H 1
| #define HAVE_STDLIB_H 1
| #define HAVE_STRING_H 1
| #define HAVE_MEMORY_H 1
| #define HAVE_STRINGS_H 1
| #define HAVE_INTTYPES_H 1
| #define HAVE_STDINT_H 1
| #define HAVE_UNISTD_H 1
| #define HAVE_DLFCN_H 1
| #define LT_OBJDIR ".libs/"
| #define PCRE_EXP_DECL extern __attribute__ ((visibility ("default")))
| #define PCRE_EXP_DEFN __attribute__ ((visibility ("default")))
| #define PCRE_EXP_DATA_DEFN __attribute__ ((visibility ("default")))
| #define PCREPOSIX_EXP_DECL extern __attribute__ ((visibility ("default")))
| #define PCREPOSIX_EXP_DEFN extern __attribute__ ((visibility ("default")))
| #define PCRECPP_EXP_DECL extern __attribute__ ((visibility ("default")))
| #define PCRECPP_EXP_DEFN __attribute__ ((visibility ("default")))
| #define HAVE_VISIBILITY 1
| #define STDC_HEADERS 1
| #define HAVE_LIMITS_H 1
| #define HAVE_SYS_TYPES_H 1
| #define HAVE_SYS_STAT_H 1
| #define HAVE_DIRENT_H 1
| #define HAVE_STRING 1
| #define HAVE_STRTOQ 1
| #define HAVE_LONG_LONG 1
| /* end confdefs.h.  */
| #include <stdio.h>
| #ifdef HAVE_SYS_TYPES_H
| # include <sys/types.h>
| #endif
| #ifdef HAVE_SYS_STAT_H
| # include <sys/stat.h>
| #endif
| #ifdef STDC_HEADERS
| # include <stdlib.h>
| # include <stddef.h>
| #else
| # ifdef HAVE_STDLIB_H
| #  include <stdlib.h>
| # endif
| #endif
| #ifdef HAVE_STRING_H
| # if !defined STDC_HEADERS && defined HAVE_MEMORY_H
| #  include <memory.h>
| # endif
| # include <string.h>
| #endif
| #ifdef HAVE_STRINGS_H
| # include <strings.h>
| #endif
| #ifdef HAVE_INTTYPES_H
| # include <inttypes.h>
| #endif
| #ifdef HAVE_STDINT_H
| # include <stdint.h>
| #endif
| #ifdef HAVE_UNISTD_H
| # include <unistd.h>
| #endif
| int
| main ()
| {
| if (sizeof ((unsigned long long)))
| 	    return 0;
|   ;
|   return 0;
| }
configure:18418: result: yes
configure:18516: checking for an ANSI C-conforming const
configure:18582: gcc -c -g -O0 -mno-avx -fno-stack-protector -no-pie -pipe  conftest.c >&5
configure:18582: $? = 0
configure:18589: result: yes
configure:18597: checking for size_t
configure:18597: gcc -c -g -O0 -mno-avx -fno-stack-protector -no-pie -pipe  conftest.c >&5
configure:18597: $? = 0
configure:18597: gcc -c -g -O0 -mno-avx -fno-stack-protector -no-pie -pipe  conftest.c >&5
conftest.c: In function 'main':
conftest.c:76:21: error: expected expression before ')' token
 if (sizeof ((size_t)))
                     ^
configure:18597: $? = 1
configure: failed program was:
| /* confdefs.h */
| #define PACKAGE_NAME "PCRE"
| #define PACKAGE_TARNAME "pcre"
| #define PACKAGE_VERSION "8.43"
| #define PACKAGE_STRING "PCRE 8.43"
| #define PACKAGE_BUGREPORT ""
| #define PACKAGE_URL ""
| #define PACKAGE "pcre"
| #define VERSION "8.43"
| #define STDC_HEADERS 1
| #define HAVE_SYS_TYPES_H 1
| #define HAVE_SYS_STAT_H 1
| #define HAVE_STDLIB_H 1
| #define HAVE_STRING_H 1
| #define HAVE_MEMORY_H 1
| #define HAVE_STRINGS_H 1
| #define HAVE_INTTYPES_H 1
| #define HAVE_STDINT_H 1
| #define HAVE_UNISTD_H 1
| #define HAVE_DLFCN_H 1
| #define LT_OBJDIR ".libs/"
| #define PCRE_EXP_DECL extern __attribute__ ((visibility ("default")))
| #define PCRE_EXP_DEFN __attribute__ ((visibility ("default")))
| #define PCRE_EXP_DATA_DEFN __attribute__ ((visibility ("default")))
| #define PCREPOSIX_EXP_DECL extern __attribute__ ((visibility ("default")))
| #define PCREPOSIX_EXP_DEFN extern __attribute__ ((visibility ("default")))
| #define PCRECPP_EXP_DECL extern __attribute__ ((visibility ("default")))
| #define PCRECPP_EXP_DEFN __attribute__ ((visibility ("default")))
| #define HAVE_VISIBILITY 1
| #define STDC_HEADERS 1
| #define HAVE_LIMITS_H 1
| #define HAVE_SYS_TYPES_H 1
| #define HAVE_SYS_STAT_H 1
| #define HAVE_DIRENT_H 1
| #define HAVE_STRING 1
| #define HAVE_STRTOQ 1
| #define HAVE_LONG_LONG 1
| #define HAVE_UNSIGNED_LONG_LONG 1
| /* end confdefs.h.  */
| #include <stdio.h>
| #ifdef HAVE_SYS_TYPES_H
| # include <sys/types.h>
| #endif
| #ifdef HAVE_SYS_STAT_H
| # include <sys/stat.h>
| #endif
| #ifdef STDC_HEADERS
| # include <stdlib.h>
| # include <stddef.h>
| #else
| # ifdef HAVE_STDLIB_H
| #  include <stdlib.h>
| # endif
| #endif
| #ifdef HAVE_STRING_H
| # if !defined STDC_HEADERS && defined HAVE_MEMORY_H
| #  include <memory.h>
| # endif
| # include <string.h>
| #endif
| #ifdef HAVE_STRINGS_H
| # include <strings.h>
| #endif
| #ifdef HAVE_INTTYPES_H
| # include <inttypes.h>
| #endif
| #ifdef HAVE_STDINT_H
| # include <stdint.h>
| #endif
| #ifdef HAVE_UNISTD_H
| # include <unistd.h>
| #endif
| int
| main ()
| {
| if (sizeof ((size_t)))
| 	    return 0;
|   ;
|   return 0;
| }
configure:18597: result: yes
configure:18614: checking for bcopy
configure:18614: gcc -o conftest -g -O0 -mno-avx -fno-stack-protector -no-pie -pipe   conftest.c  >&5
conftest.c:63:6: warning: conflicting types for built-in function 'bcopy' [-Wbuiltin-declaration-mismatch]
 char bcopy ();
      ^~~~~
configure:18614: $? = 0
configure:18614: result: yes
configure:18614: checking for memmove
configure:18614: gcc -o conftest -g -O0 -mno-avx -fno-stack-protector -no-pie -pipe   conftest.c  >&5
conftest.c:64:6: warning: conflicting types for built-in function 'memmove' [-Wbuiltin-declaration-mismatch]
 char memmove ();
      ^~~~~~~
configure:18614: $? = 0
configure:18614: result: yes
configure:18614: checking for strerror
configure:18614: gcc -o conftest -g -O0 -mno-avx -fno-stack-protector -no-pie -pipe   conftest.c  >&5
configure:18614: $? = 0
configure:18614: result: yes
configure:18628: checking zlib.h usability
configure:18628: gcc -c -g -O0 -mno-avx -fno-stack-protector -no-pie -pipe  conftest.c >&5
configure:18628: $? = 0
configure:18628: result: yes
configure:18628: checking zlib.h presence
configure:18628: gcc -E  conftest.c
configure:18628: $? = 0
configure:18628: result: yes
configure:18628: checking for zlib.h
configure:18628: result: yes
configure:18638: checking for gzopen in -lz
configure:18663: gcc -o conftest -g -O0 -mno-avx -fno-stack-protector -no-pie -pipe   conftest.c -lz   >&5
configure:18663: $? = 0
configure:18672: result: yes
configure:18697: checking bzlib.h usability
configure:18697: gcc -c -g -O0 -mno-avx -fno-stack-protector -no-pie -pipe  conftest.c >&5
conftest.c:77:10: fatal error: bzlib.h: No such file or directory
 #include <bzlib.h>
          ^~~~~~~~~
compilation terminated.
configure:18697: $? = 1
configure: failed program was:
| /* confdefs.h */
| #define PACKAGE_NAME "PCRE"
| #define PACKAGE_TARNAME "pcre"
| #define PACKAGE_VERSION "8.43"
| #define PACKAGE_STRING "PCRE 8.43"
| #define PACKAGE_BUGREPORT ""
| #define PACKAGE_URL ""
| #define PACKAGE "pcre"
| #define VERSION "8.43"
| #define STDC_HEADERS 1
| #define HAVE_SYS_TYPES_H 1
| #define HAVE_SYS_STAT_H 1
| #define HAVE_STDLIB_H 1
| #define HAVE_STRING_H 1
| #define HAVE_MEMORY_H 1
| #define HAVE_STRINGS_H 1
| #define HAVE_INTTYPES_H 1
| #define HAVE_STDINT_H 1
| #define HAVE_UNISTD_H 1
| #define HAVE_DLFCN_H 1
| #define LT_OBJDIR ".libs/"
| #define PCRE_EXP_DECL extern __attribute__ ((visibility ("default")))
| #define PCRE_EXP_DEFN __attribute__ ((visibility ("default")))
| #define PCRE_EXP_DATA_DEFN __attribute__ ((visibility ("default")))
| #define PCREPOSIX_EXP_DECL extern __attribute__ ((visibility ("default")))
| #define PCREPOSIX_EXP_DEFN extern __attribute__ ((visibility ("default")))
| #define PCRECPP_EXP_DECL extern __attribute__ ((visibility ("default")))
| #define PCRECPP_EXP_DEFN __attribute__ ((visibility ("default")))
| #define HAVE_VISIBILITY 1
| #define STDC_HEADERS 1
| #define HAVE_LIMITS_H 1
| #define HAVE_SYS_TYPES_H 1
| #define HAVE_SYS_STAT_H 1
| #define HAVE_DIRENT_H 1
| #define HAVE_STRING 1
| #define HAVE_STRTOQ 1
| #define HAVE_LONG_LONG 1
| #define HAVE_UNSIGNED_LONG_LONG 1
| #define HAVE_BCOPY 1
| #define HAVE_MEMMOVE 1
| #define HAVE_STRERROR 1
| #define HAVE_ZLIB_H 1
| /* end confdefs.h.  */
| #include <stdio.h>
| #ifdef HAVE_SYS_TYPES_H
| # include <sys/types.h>
| #endif
| #ifdef HAVE_SYS_STAT_H
| # include <sys/stat.h>
| #endif
| #ifdef STDC_HEADERS
| # include <stdlib.h>
| # include <stddef.h>
| #else
| # ifdef HAVE_STDLIB_H
| #  include <stdlib.h>
| # endif
| #endif
| #ifdef HAVE_STRING_H
| # if !defined STDC_HEADERS && defined HAVE_MEMORY_H
| #  include <memory.h>
| # endif
| # include <string.h>
| #endif
| #ifdef HAVE_STRINGS_H
| # include <strings.h>
| #endif
| #ifdef HAVE_INTTYPES_H
| # include <inttypes.h>
| #endif
| #ifdef HAVE_STDINT_H
| # include <stdint.h>
| #endif
| #ifdef HAVE_UNISTD_H
| # include <unistd.h>
| #endif
| #include <bzlib.h>
configure:18697: result: no
configure:18697: checking bzlib.h presence
configure:18697: gcc -E  conftest.c
conftest.c:44:10: fatal error: bzlib.h: No such file or directory
 #include <bzlib.h>
          ^~~~~~~~~
compilation terminated.
configure:18697: $? = 1
configure: failed program was:
| /* confdefs.h */
| #define PACKAGE_NAME "PCRE"
| #define PACKAGE_TARNAME "pcre"
| #define PACKAGE_VERSION "8.43"
| #define PACKAGE_STRING "PCRE 8.43"
| #define PACKAGE_BUGREPORT ""
| #define PACKAGE_URL ""
| #define PACKAGE "pcre"
| #define VERSION "8.43"
| #define STDC_HEADERS 1
| #define HAVE_SYS_TYPES_H 1
| #define HAVE_SYS_STAT_H 1
| #define HAVE_STDLIB_H 1
| #define HAVE_STRING_H 1
| #define HAVE_MEMORY_H 1
| #define HAVE_STRINGS_H 1
| #define HAVE_INTTYPES_H 1
| #define HAVE_STDINT_H 1
| #define HAVE_UNISTD_H 1
| #define HAVE_DLFCN_H 1
| #define LT_OBJDIR ".libs/"
| #define PCRE_EXP_DECL extern __attribute__ ((visibility ("default")))
| #define PCRE_EXP_DEFN __attribute__ ((visibility ("default")))
| #define PCRE_EXP_DATA_DEFN __attribute__ ((visibility ("default")))
| #define PCREPOSIX_EXP_DECL extern __attribute__ ((visibility ("default")))
| #define PCREPOSIX_EXP_DEFN extern __attribute__ ((visibility ("default")))
| #define PCRECPP_EXP_DECL extern __attribute__ ((visibility ("default")))
| #define PCRECPP_EXP_DEFN __attribute__ ((visibility ("default")))
| #define HAVE_VISIBILITY 1
| #define STDC_HEADERS 1
| #define HAVE_LIMITS_H 1
| #define HAVE_SYS_TYPES_H 1
| #define HAVE_SYS_STAT_H 1
| #define HAVE_DIRENT_H 1
| #define HAVE_STRING 1
| #define HAVE_STRTOQ 1
| #define HAVE_LONG_LONG 1
| #define HAVE_UNSIGNED_LONG_LONG 1
| #define HAVE_BCOPY 1
| #define HAVE_MEMMOVE 1
| #define HAVE_STRERROR 1
| #define HAVE_ZLIB_H 1
| /* end confdefs.h.  */
| #include <bzlib.h>
configure:18697: result: no
configure:18697: checking for bzlib.h
configure:18697: result: no
configure:18712: checking for libbz2
configure:18730: gcc -o conftest -g -O0 -mno-avx -fno-stack-protector -no-pie -pipe   conftest.c  -lbz2 >&5
conftest.c: In function 'main':
conftest.c:51:13: warning: implicit declaration of function 'BZ2_bzopen' [-Wimplicit-function-declaration]
 return (int)BZ2_bzopen("conftest", "rb");
             ^~~~~~~~~~
/usr/bin/ld: cannot find -lbz2
collect2: error: ld returned 1 exit status
configure:18730: $? = 1
configure: failed program was:
| /* confdefs.h */
| #define PACKAGE_NAME "PCRE"
| #define PACKAGE_TARNAME "pcre"
| #define PACKAGE_VERSION "8.43"
| #define PACKAGE_STRING "PCRE 8.43"
| #define PACKAGE_BUGREPORT ""
| #define PACKAGE_URL ""
| #define PACKAGE "pcre"
| #define VERSION "8.43"
| #define STDC_HEADERS 1
| #define HAVE_SYS_TYPES_H 1
| #define HAVE_SYS_STAT_H 1
| #define HAVE_STDLIB_H 1
| #define HAVE_STRING_H 1
| #define HAVE_MEMORY_H 1
| #define HAVE_STRINGS_H 1
| #define HAVE_INTTYPES_H 1
| #define HAVE_STDINT_H 1
| #define HAVE_UNISTD_H 1
| #define HAVE_DLFCN_H 1
| #define LT_OBJDIR ".libs/"
| #define PCRE_EXP_DECL extern __attribute__ ((visibility ("default")))
| #define PCRE_EXP_DEFN __attribute__ ((visibility ("default")))
| #define PCRE_EXP_DATA_DEFN __attribute__ ((visibility ("default")))
| #define PCREPOSIX_EXP_DECL extern __attribute__ ((visibility ("default")))
| #define PCREPOSIX_EXP_DEFN extern __attribute__ ((visibility ("default")))
| #define PCRECPP_EXP_DECL extern __attribute__ ((visibility ("default")))
| #define PCRECPP_EXP_DEFN __attribute__ ((visibility ("default")))
| #define HAVE_VISIBILITY 1
| #define STDC_HEADERS 1
| #define HAVE_LIMITS_H 1
| #define HAVE_SYS_TYPES_H 1
| #define HAVE_SYS_STAT_H 1
| #define HAVE_DIRENT_H 1
| #define HAVE_STRING 1
| #define HAVE_STRTOQ 1
| #define HAVE_LONG_LONG 1
| #define HAVE_UNSIGNED_LONG_LONG 1
| #define HAVE_BCOPY 1
| #define HAVE_MEMMOVE 1
| #define HAVE_STRERROR 1
| #define HAVE_ZLIB_H 1
| /* end confdefs.h.  */
| 
| #ifdef HAVE_BZLIB_H
| #include <bzlib.h>
| #endif
| int
| main ()
| {
| return (int)BZ2_bzopen("conftest", "rb");
|   ;
|   return 0;
| }
configure:18734: result: no
configure:20097: checking that generated files are newer than configure
configure:20103: result: done
configure:20170: creating ./config.status

## ---------------------- ##
## Running config.status. ##
## ---------------------- ##

This file was extended by PCRE config.status 8.43, which was
generated by GNU Autoconf 2.69.  Invocation command line was

  CONFIG_FILES    = 
  CONFIG_HEADERS  = 
  CONFIG_LINKS    = 
  CONFIG_COMMANDS = 
  $ ./config.status 

on ubuntu

config.status:1245: creating Makefile
config.status:1245: creating libpcre.pc
config.status:1245: creating libpcre16.pc
config.status:1245: creating libpcre32.pc
config.status:1245: creating libpcreposix.pc
config.status:1245: creating libpcrecpp.pc
config.status:1245: creating pcre-config
config.status:1245: creating pcre.h
config.status:1245: creating pcre_stringpiece.h
config.status:1245: creating pcrecpparg.h
config.status:1245: creating config.h
config.status:1474: executing depfiles commands
config.status:1474: executing libtool commands
config.status:1474: executing script-chmod commands
config.status:1474: executing delete-old-chartables commands

## ---------------- ##
## Cache variables. ##
## ---------------- ##

ac_cv_build=x86_64-pc-linux-gnu
ac_cv_c_compiler_gnu=yes
ac_cv_c_const=yes
ac_cv_c_int64_t=yes
ac_cv_cxx_compiler_gnu=yes
ac_cv_env_CCC_set=
ac_cv_env_CCC_value=
ac_cv_env_CC_set=set
ac_cv_env_CC_value=gcc
ac_cv_env_CFLAGS_set=set
ac_cv_env_CFLAGS_value='-g -O0 -mno-avx -fno-stack-protector -no-pie -pipe'
ac_cv_env_CPPFLAGS_set=
ac_cv_env_CPPFLAGS_value=
ac_cv_env_CPP_set=
ac_cv_env_CPP_value=
ac_cv_env_CXXCPP_set=
ac_cv_env_CXXCPP_value=
ac_cv_env_CXXFLAGS_set=
ac_cv_env_CXXFLAGS_value=
ac_cv_env_CXX_set=
ac_cv_env_CXX_value=
ac_cv_env_GENHTML_set=
ac_cv_env_GENHTML_value=
ac_cv_env_LCOV_set=
ac_cv_env_LCOV_value=
ac_cv_env_LDFLAGS_set=
ac_cv_env_LDFLAGS_value=
ac_cv_env_LIBS_set=
ac_cv_env_LIBS_value=
ac_cv_env_LT_SYS_LIBRARY_PATH_set=
ac_cv_env_LT_SYS_LIBRARY_PATH_value=
ac_cv_env_build_alias_set=
ac_cv_env_build_alias_value=
ac_cv_env_host_alias_set=
ac_cv_env_host_alias_value=
ac_cv_env_target_alias_set=
ac_cv_env_target_alias_value=
ac_cv_func_bcopy=yes
ac_cv_func_memmove=yes
ac_cv_func_strerror=yes
ac_cv_header_bits_type_traits_h=no
ac_cv_header_bzlib_h=no
ac_cv_header_dirent_h=yes
ac_cv_header_dlfcn_h=yes
ac_cv_header_inttypes_h=yes
ac_cv_header_limits_h=yes
ac_cv_header_memory_h=yes
ac_cv_header_stdc=yes
ac_cv_header_stdint_h=yes
ac_cv_header_stdlib_h=yes
ac_cv_header_string=yes
ac_cv_header_string_h=yes
ac_cv_header_strings_h=yes
ac_cv_header_sys_stat_h=yes
ac_cv_header_sys_types_h=yes
ac_cv_header_type_traits_h=no
ac_cv_header_unistd_h=yes
ac_cv_header_windows_h=no
ac_cv_header_zlib_h=yes
ac_cv_host=x86_64-pc-linux-gnu
ac_cv_lib_z_gzopen=yes
ac_cv_objext=o
ac_cv_path_EGREP='/bin/grep -E'
ac_cv_path_FGREP='/bin/grep -F'
ac_cv_path_GREP=/bin/grep
ac_cv_path_SED=/bin/sed
ac_cv_path_install='/usr/bin/install -c'
ac_cv_path_lt_DD=/bin/dd
ac_cv_path_mkdir=/bin/mkdir
ac_cv_prog_AWK=mawk
ac_cv_prog_CPP='gcc -E'
ac_cv_prog_CXXCPP='g++ -E'
ac_cv_prog_ac_ct_AR=ar
ac_cv_prog_ac_ct_CC=gcc
ac_cv_prog_ac_ct_CXX=g++
ac_cv_prog_ac_ct_DLLTOOL=dlltool
ac_cv_prog_ac_ct_MANIFEST_TOOL=mt
ac_cv_prog_ac_ct_OBJDUMP=objdump
ac_cv_prog_ac_ct_RANLIB=ranlib
ac_cv_prog_ac_ct_STRIP=strip
ac_cv_prog_cc_c89=
ac_cv_prog_cc_g=yes
ac_cv_prog_cxx_g=yes
ac_cv_prog_make_make_set=yes
ac_cv_type_long_long=yes
ac_cv_type_size_t=yes
ac_cv_type_unsigned_long_long=yes
am_cv_CC_dependencies_compiler_type=gcc3
am_cv_CXX_dependencies_compiler_type=gcc3
am_cv_ar_interface=ar
am_cv_make_support_nested_variables=yes
am_cv_prog_cc_c_o=yes
lt_cv_ar_at_file=@
lt_cv_deplibs_check_method=pass_all
lt_cv_file_magic_cmd='$MAGIC_CMD'
lt_cv_file_magic_test_file=
lt_cv_ld_reload_flag=-r
lt_cv_nm_interface='BSD nm'
lt_cv_objdir=.libs
lt_cv_path_LD=/usr/bin/ld
lt_cv_path_LDCXX='/usr/bin/ld -m elf_x86_64'
lt_cv_path_NM='/usr/bin/nm -B'
lt_cv_path_mainfest_tool=no
lt_cv_prog_compiler_c_o=yes
lt_cv_prog_compiler_c_o_CXX=yes
lt_cv_prog_compiler_pic='-fPIC -DPIC'
lt_cv_prog_compiler_pic_CXX='-fPIC -DPIC'
lt_cv_prog_compiler_pic_works=yes
lt_cv_prog_compiler_pic_works_CXX=yes
lt_cv_prog_compiler_rtti_exceptions=no
lt_cv_prog_compiler_static_works=yes
lt_cv_prog_compiler_static_works_CXX=yes
lt_cv_prog_gnu_ld=yes
lt_cv_prog_gnu_ldcxx=yes
lt_cv_sharedlib_from_linklib_cmd='printf %s\n'
lt_cv_shlibpath_overrides_runpath=yes
lt_cv_sys_global_symbol_pipe='sed -n -e '\''s/^.*[	 ]\([ABCDGIRSTW][ABCDGIRSTW]*\)[	 ][	 ]*\([_A-Za-z][_A-Za-z0-9]*\)$/\1 \2 \2/p'\'' | sed '\''/ __gnu_lto/d'\'''
lt_cv_sys_global_symbol_to_c_name_address='sed -n -e '\''s/^: \(.*\) .*$/  {"\1", (void *) 0},/p'\'' -e '\''s/^[ABCDGIRSTW][ABCDGIRSTW]* .* \(.*\)$/  {"\1", (void *) \&\1},/p'\'''
lt_cv_sys_global_symbol_to_c_name_address_lib_prefix='sed -n -e '\''s/^: \(.*\) .*$/  {"\1", (void *) 0},/p'\'' -e '\''s/^[ABCDGIRSTW][ABCDGIRSTW]* .* \(lib.*\)$/  {"\1", (void *) \&\1},/p'\'' -e '\''s/^[ABCDGIRSTW][ABCDGIRSTW]* .* \(.*\)$/  {"lib\1", (void *) \&\1},/p'\'''
lt_cv_sys_global_symbol_to_cdecl='sed -n -e '\''s/^T .* \(.*\)$/extern int \1();/p'\'' -e '\''s/^[ABCDGIRSTW][ABCDGIRSTW]* .* \(.*\)$/extern char \1;/p'\'''
lt_cv_sys_global_symbol_to_import=
lt_cv_sys_max_cmd_len=1572864
lt_cv_to_host_file_cmd=func_convert_file_noop
lt_cv_to_tool_file_cmd=func_convert_file_noop
lt_cv_truncate_bin='/bin/dd bs=4096 count=1'
pcre_cv_cc_vis_werror=yes
pcre_cv_cc_visibility=yes

## ----------------- ##
## Output variables. ##
## ----------------- ##

ACLOCAL='${SHELL} /home/suncong/repos/rrcfa-dev/lib/pcre-8.43/missing aclocal-1.15'
AMDEPBACKSLASH='\'
AMDEP_FALSE='#'
AMDEP_TRUE=''
AMTAR='$${TAR-tar}'
AM_BACKSLASH='\'
AM_DEFAULT_V='$(AM_DEFAULT_VERBOSITY)'
AM_DEFAULT_VERBOSITY='0'
AM_V='$(V)'
AR='ar'
AS='as'
AUTOCONF='${SHELL} /home/suncong/repos/rrcfa-dev/lib/pcre-8.43/missing autoconf'
AUTOHEADER='${SHELL} /home/suncong/repos/rrcfa-dev/lib/pcre-8.43/missing autoheader'
AUTOMAKE='${SHELL} /home/suncong/repos/rrcfa-dev/lib/pcre-8.43/missing automake-1.15'
AWK='mawk'
CC='gcc'
CCDEPMODE='depmode=gcc3'
CFLAGS='-g -O0 -mno-avx -fno-stack-protector -no-pie -pipe'
CPP='gcc -E'
CPPFLAGS=''
CXX='g++'
CXXCPP='g++ -E'
CXXDEPMODE='depmode=gcc3'
CXXFLAGS='-O2'
CYGPATH_W='echo'
DEFS='-DHAVE_CONFIG_H'
DEPDIR='.deps'
DISTCHECK_CONFIGURE_FLAGS='CFLAGS='\'''\'' CXXFLAGS='\'''\'' --enable-pcre16 --enable-pcre32 --enable-jit --enable-cpp --enable-unicode-properties'
DLLTOOL='dlltool'
DSYMUTIL=''
DUMPBIN=''
ECHO_C=''
ECHO_N='-n'
ECHO_T=''
EGREP='/bin/grep -E'
EXEEXT=''
EXTRA_LIBPCRE16_LDFLAGS='                         -version-info 2:11:2'
EXTRA_LIBPCRE32_LDFLAGS='                         -version-info 0:11:0'
EXTRA_LIBPCRECPP_LDFLAGS='                            -version-info 0:1:0                           '
EXTRA_LIBPCREPOSIX_LDFLAGS='                              -version-info 0:6:0'
EXTRA_LIBPCRE_LDFLAGS='                         -version-info 3:11:2'
FGREP='/bin/grep -F'
GCOV_CFLAGS=''
GCOV_CXXFLAGS=''
GCOV_LIBS=''
GENHTML=''
GREP='/bin/grep'
HAVE_VISIBILITY='1'
INSTALL_DATA='${INSTALL} -m 644'
INSTALL_PROGRAM='${INSTALL}'
INSTALL_SCRIPT='${INSTALL}'
INSTALL_STRIP_PROGRAM='$(install_sh) -c -s'
LCOV=''
LD='/usr/bin/ld -m elf_x86_64'
LDFLAGS=''
LIBBZ2=''
LIBOBJS=''
LIBREADLINE=''
LIBS=''
LIBTOOL='$(SHELL) $(top_builddir)/libtool'
LIBZ=''
LIPO=''
LN_S='ln -s'
LTLIBOBJS=''
LT_SYS_LIBRARY_PATH=''
MAKEINFO='${SHELL} /home/suncong/repos/rrcfa-dev/lib/pcre-8.43/missing makeinfo'
MANIFEST_TOOL=':'
MKDIR_P='/bin/mkdir -p'
NM='/usr/bin/nm -B'
NMEDIT=''
OBJDUMP='objdump'
OBJEXT='o'
OTOOL64=''
OTOOL=''
PACKAGE='pcre'
PACKAGE_BUGREPORT=''
PACKAGE_NAME='PCRE'
PACKAGE_STRING='PCRE 8.43'
PACKAGE_TARNAME='pcre'
PACKAGE_URL=''
PACKAGE_VERSION='8.43'
PATH_SEPARATOR=':'
PCRE_DATE='2019-02-23'
PCRE_MAJOR='8'
PCRE_MINOR='43'
PCRE_PRERELEASE=''
PCRE_STATIC_CFLAG='-DPCRE_STATIC'
PTHREAD_CC=''
PTHREAD_CFLAGS=''
PTHREAD_LIBS=''
RANLIB='ranlib'
SED='/bin/sed'
SET_MAKE=''
SHELL='/bin/bash'
SHTOOL=''
STRIP='strip'
VERSION='8.43'
VISIBILITY_CFLAGS='-fvisibility=hidden'
VISIBILITY_CXXFLAGS='-fvisibility=hidden -fvisibility-inlines-hidden'
WITH_GCOV_FALSE=''
WITH_GCOV_TRUE='#'
WITH_JIT_FALSE=''
WITH_JIT_TRUE='#'
WITH_PCRE16_FALSE=''
WITH_PCRE16_TRUE='#'
WITH_PCRE32_FALSE=''
WITH_PCRE32_TRUE='#'
WITH_PCRE8_FALSE='#'
WITH_PCRE8_TRUE=''
WITH_PCRE_CPP_FALSE='#'
WITH_PCRE_CPP_TRUE=''
WITH_REBUILD_CHARTABLES_FALSE=''
WITH_REBUILD_CHARTABLES_TRUE='#'
WITH_UTF_FALSE=''
WITH_UTF_TRUE='#'
WITH_VALGRIND_FALSE=''
WITH_VALGRIND_TRUE='#'
ac_ct_AR='ar'
ac_ct_CC='gcc'
ac_ct_CXX='g++'
ac_ct_DUMPBIN=''
am__EXEEXT_FALSE=''
am__EXEEXT_TRUE='#'
am__fastdepCC_FALSE='#'
am__fastdepCC_TRUE=''
am__fastdepCXX_FALSE='#'
am__fastdepCXX_TRUE=''
am__include='include'
am__isrc=''
am__leading_dot='.'
am__nodep='_no'
am__quote=''
am__tar='$${TAR-tar} chof - "$$tardir"'
am__untar='$${TAR-tar} xf -'
ax_pthread_config=''
bindir='${exec_prefix}/bin'
build='x86_64-pc-linux-gnu'
build_alias=''
build_cpu='x86_64'
build_os='linux-gnu'
build_vendor='pc'
datadir='${datarootdir}'
datarootdir='${prefix}/share'
docdir='${datarootdir}/doc/${PACKAGE_TARNAME}'
dvidir='${docdir}'
enable_cpp='yes'
enable_pcre16='no'
enable_pcre32='no'
enable_pcre8='yes'
exec_prefix='${prefix}'
host='x86_64-pc-linux-gnu'
host_alias=''
host_cpu='x86_64'
host_os='linux-gnu'
host_vendor='pc'
htmldir='${docdir}/html'
includedir='${prefix}/include'
infodir='${datarootdir}/info'
install_sh='${SHELL} /home/suncong/repos/rrcfa-dev/lib/pcre-8.43/install-sh'
libdir='${exec_prefix}/lib'
libexecdir='${exec_prefix}/libexec'
localedir='${datarootdir}/locale'
localstatedir='${prefix}/var'
mandir='${datarootdir}/man'
mkdir_p='$(MKDIR_P)'
oldincludedir='/usr/include'
pcre_have_bits_type_traits='0'
pcre_have_long_long='1'
pcre_have_type_traits='0'
pcre_have_ulong_long='1'
pdfdir='${docdir}'
prefix='/usr/local'
program_transform_name='s,x,x,'
psdir='${docdir}'
runstatedir='${localstatedir}/run'
sbindir='${exec_prefix}/sbin'
sharedstatedir='${prefix}/com'
sysconfdir='${prefix}/etc'
target_alias=''

## ----------- ##
## confdefs.h. ##
## ----------- ##

/* confdefs.h */
#define PACKAGE_NAME "PCRE"
#define PACKAGE_TARNAME "pcre"
#define PACKAGE_VERSION "8.43"
#define PACKAGE_STRING "PCRE 8.43"
#define PACKAGE_BUGREPORT ""
#define PACKAGE_URL ""
#define PACKAGE "pcre"
#define VERSION "8.43"
#define STDC_HEADERS 1
#define HAVE_SYS_TYPES_H 1
#define HAVE_SYS_STAT_H 1
#define HAVE_STDLIB_H 1
#define HAVE_STRING_H 1
#define HAVE_MEMORY_H 1
#define HAVE_STRINGS_H 1
#define HAVE_INTTYPES_H 1
#define HAVE_STDINT_H 1
#define HAVE_UNISTD_H 1
#define HAVE_DLFCN_H 1
#define LT_OBJDIR ".libs/"
#define PCRE_EXP_DECL extern __attribute__ ((visibility ("default")))
#define PCRE_EXP_DEFN __attribute__ ((visibility ("default")))
#define PCRE_EXP_DATA_DEFN __attribute__ ((visibility ("default")))
#define PCREPOSIX_EXP_DECL extern __attribute__ ((visibility ("default")))
#define PCREPOSIX_EXP_DEFN extern __attribute__ ((visibility ("default")))
#define PCRECPP_EXP_DECL extern __attribute__ ((visibility ("default")))
#define PCRECPP_EXP_DEFN __attribute__ ((visibility ("default")))
#define HAVE_VISIBILITY 1
#define STDC_HEADERS 1
#define HAVE_LIMITS_H 1
#define HAVE_SYS_TYPES_H 1
#define HAVE_SYS_STAT_H 1
#define HAVE_DIRENT_H 1
#define HAVE_STRING 1
#define HAVE_STRTOQ 1
#define HAVE_LONG_LONG 1
#define HAVE_UNSIGNED_LONG_LONG 1
#define HAVE_BCOPY 1
#define HAVE_MEMMOVE 1
#define HAVE_STRERROR 1
#define HAVE_ZLIB_H 1
#define PCRE_STATIC 1
#define SUPPORT_PCRE8 /**/
#define PCREGREP_BUFSIZE 20480
#define NEWLINE 10
#define LINK_SIZE 2
#define POSIX_MALLOC_THRESHOLD 10
#define PARENS_NEST_LIMIT 250
#define MATCH_LIMIT 10000000
#define MATCH_LIMIT_RECURSION MATCH_LIMIT
#define MAX_NAME_SIZE 32
#define MAX_NAME_COUNT 10000

configure: exit 0
