--------------------
./configure
Tue Jul 28 14:25:57 CST 2020
=== ztest14528.c ===
extern int getchar();
int hello() {return getchar();}
===
gcc -c ztest14528.c
... using gcc

Checking for obsessive-compulsive compiler options...
=== ztest14528.c ===
int foo() { return 0; }
===
gcc -c -g -O0 -mno-avx -fno-stack-protector -no-pie -pipe ztest14528.c

Checking for shared library support...
=== ztest14528.c ===
extern int getchar();
int hello() {return getchar();}
===
gcc -w -c -g -O0 -mno-avx -fno-stack-protector -no-pie -pipe -fPIC ztest14528.c
gcc -shared -Wl,-soname,libz.so.1,--version-script,zlib.map -g -O0 -mno-avx -fno-stack-protector -no-pie -pipe -fPIC -o ztest14528.so ztest14528.o
/usr/lib/gcc/x86_64-linux-gnu/7/../../../x86_64-linux-gnu/crt1.o: In function `_start':
(.text+0x20): undefined reference to `main'
collect2: error: ld returned 1 exit status
(exit code 1)
No shared library support; try without defining CC and CFLAGS
Building static library libz.a version 1.2.11 with gcc.

=== ztest14528.c ===
#include <stdio.h>
#include <stdlib.h>
size_t dummy = 0;
===
gcc -c -g -O0 -mno-avx -fno-stack-protector -no-pie -pipe ztest14528.c
Checking for size_t... Yes.


=== ztest14528.c ===
#include <sys/types.h>
off64_t dummy = 0;
===
gcc -c -g -O0 -mno-avx -fno-stack-protector -no-pie -pipe -D_LARGEFILE64_SOURCE=1 ztest14528.c
Checking for off64_t... Yes.
Checking for fseeko... Yes.

=== ztest14528.c ===
#include <string.h>
#include <errno.h>
int main() { return strlen(strerror(errno)); }
===
gcc -g -O0 -mno-avx -fno-stack-protector -no-pie -pipe -D_LARGEFILE64_SOURCE=1 -o ztest14528 ztest14528.c
Checking for strerror... Yes.

=== ztest14528.c ===
#include <unistd.h>
int main() { return 0; }
===
gcc -c -g -O0 -mno-avx -fno-stack-protector -no-pie -pipe -D_LARGEFILE64_SOURCE=1 ztest14528.c
Checking for unistd.h... Yes.

=== ztest14528.c ===
#include <stdarg.h>
int main() { return 0; }
===
gcc -c -g -O0 -mno-avx -fno-stack-protector -no-pie -pipe -D_LARGEFILE64_SOURCE=1 ztest14528.c
Checking for stdarg.h... Yes.

=== ztest14528.c ===
#include <stdio.h>
#include <stdarg.h>
#include "zconf.h"
int main()
{
#ifndef STDC
  choke me
#endif
  return 0;
}
===
gcc -c -g -O0 -mno-avx -fno-stack-protector -no-pie -pipe -D_LARGEFILE64_SOURCE=1 ztest14528.c
Checking whether to use vs[n]printf() or s[n]printf()... using vs[n]printf().

=== ztest14528.c ===
#include <stdio.h>
#include <stdarg.h>
int mytest(const char *fmt, ...)
{
  char buf[20];
  va_list ap;
  va_start(ap, fmt);
  vsnprintf(buf, sizeof(buf), fmt, ap);
  va_end(ap);
  return 0;
}
int main()
{
  return (mytest("Hello%d\n", 1));
}
===
gcc -g -O0 -mno-avx -fno-stack-protector -no-pie -pipe -D_LARGEFILE64_SOURCE=1 -o ztest14528 ztest14528.c
Checking for vsnprintf() in stdio.h... Yes.

=== ztest14528.c ===
#include <stdio.h>
#include <stdarg.h>
int mytest(const char *fmt, ...)
{
  int n;
  char buf[20];
  va_list ap;
  va_start(ap, fmt);
  n = vsnprintf(buf, sizeof(buf), fmt, ap);
  va_end(ap);
  return n;
}
int main()
{
  return (mytest("Hello%d\n", 1));
}
===
gcc -c -g -O0 -mno-avx -fno-stack-protector -no-pie -pipe -D_LARGEFILE64_SOURCE=1 ztest14528.c
Checking for return value of vsnprintf()... Yes.

=== ztest14528.c ===
#define ZLIB_INTERNAL __attribute__((visibility ("hidden")))
int ZLIB_INTERNAL foo;
int main()
{
  return 0;
}
===
gcc -c -g -O0 -mno-avx -fno-stack-protector -no-pie -pipe -D_LARGEFILE64_SOURCE=1 ztest14528.c
Checking for attribute(visibility) support... Yes.

ALL = static all64
AR = ar
ARFLAGS = rc
CC = gcc
CFLAGS = -g -O0 -mno-avx -fno-stack-protector -no-pie -pipe -D_LARGEFILE64_SOURCE=1 -DHAVE_HIDDEN
CPP = gcc -E
EXE =
LDCONFIG = ldconfig
LDFLAGS =
LDSHARED = gcc
LDSHAREDLIBC = -lc
OBJC = $(OBJZ) $(OBJG)
PIC_OBJC = $(PIC_OBJZ) $(PIC_OBJG)
RANLIB = ranlib
SFLAGS = -g -O0 -mno-avx -fno-stack-protector -no-pie -pipe -fPIC -D_LARGEFILE64_SOURCE=1 -DHAVE_HIDDEN
SHAREDLIB =
SHAREDLIBM =
SHAREDLIBV =
STATICLIB = libz.a
TEST = all teststatic test64
VER = 1.2.11
Z_U4 =
SRCDIR =
exec_prefix = ${prefix}
includedir = ${prefix}/include
libdir = ${exec_prefix}/lib
mandir = ${prefix}/share/man
prefix = /usr/local
sharedlibdir = ${libdir}
uname = Linux
--------------------


